2026-06-18 06:41:17,046 [INFO] Starting live wallpaper watcher daemon...
2026-06-18 06:41:17,046 [INFO] Target wallpaper file found. Initializing...
2026-06-18 06:41:17,047 [INFO] Analyzing source video: /home/rai/Downloads/videoplayback.mp4
2026-06-18 06:41:17,133 [INFO] Video detected: Codec=av1, Size=3840x2160
2026-06-18 06:41:17,133 [INFO] Transcoding to 1080p H.264 via NVENC...
2026-06-18 06:41:23,928 [INFO] Hardware transcoding succeeded.
2026-06-18 06:41:23,928 [INFO] Restarting Hidamari player...
2026-06-18 06:41:24,962 [INFO] Hidamari player restarted successfully.
2026-06-18 06:41:36,965 [INFO] Change detected in /home/rai/Downloads/videoplayback.mp4. Waiting for file write to complete...
2026-06-18 06:41:38,966 [INFO] File write complete. Processing wallpaper...
2026-06-18 06:41:38,966 [INFO] Analyzing source video: /home/rai/Downloads/videoplayback.mp4
2026-06-18 06:41:39,031 [INFO] Video detected: Codec=av1, Size=3840x2160
2026-06-18 06:41:39,031 [INFO] Transcoding to 1080p H.264 via NVENC...
2026-06-18 06:41:44,251 [INFO] Hardware transcoding succeeded.
2026-06-18 06:41:44,251 [INFO] Restarting Hidamari player...
2026-06-18 06:41:45,280 [INFO] Hidamari player restarted successfully.
2026-06-18 06:43:25,844 [INFO] Starting live wallpaper watcher daemon...
2026-06-18 06:43:25,844 [INFO] Target wallpaper file found. Initializing...
2026-06-18 06:43:25,844 [INFO] Analyzing source video: /home/rai/Downloads/videoplayback.mp4
2026-06-18 06:43:25,912 [INFO] Video detected: Codec=av1, Size=3840x2160
2026-06-18 06:43:25,912 [INFO] Transcoding to high-quality H.264 via NVENC...
2026-06-18 06:43:39,794 [INFO] Hardware transcoding succeeded.
2026-06-18 06:43:39,794 [INFO] Restarting Hidamari player...
2026-06-18 06:43:40,844 [INFO] Hidamari player restarted successfully.
2026-06-18 08:38:33,474 [INFO] Starting live wallpaper watcher daemon...
2026-06-18 08:38:33,474 [INFO] Target wallpaper file found. Initializing...
2026-06-18 08:38:33,474 [INFO] Analyzing source video: /home/rai/Downloads/videoplayback.mp4
2026-06-18 08:38:33,551 [INFO] Video detected: Codec=av1, Size=3840x2160
2026-06-18 08:38:33,552 [INFO] Transcoding to high-quality H.264 via NVENC...
2026-06-18 08:38:47,371 [INFO] Hardware transcoding succeeded.
2026-06-18 08:38:47,371 [INFO] Extracting preview frame from /home/rai/Downloads/videoplayback_h264.mp4 to /home/rai/Downloads/videoplayback_frame.png...
2026-06-18 08:38:48,354 [INFO] Preview frame extracted successfully.
2026-06-18 08:38:48,381 [INFO] GNOME static wallpaper updated to file:///home/rai/Downloads/videoplayback_frame.png for perfect blending.
2026-06-18 08:38:48,381 [INFO] Restarting Hidamari player...
2026-06-18 08:38:49,424 [INFO] Hidamari player restarted successfully.
2026-06-18 09:23:13,632 [INFO] Starting live wallpaper watcher daemon...
2026-06-18 09:23:13,632 [INFO] Target wallpaper file found. Initializing...
2026-06-18 09:23:13,632 [INFO] Analyzing source video: /home/rai/Downloads/videoplayback.mp4
2026-06-18 09:23:13,682 [INFO] Video detected: Codec=av1, Size=3840x2160
2026-06-18 09:23:13,683 [INFO] Transcoding to high-quality H.264 via NVENC...
2026-06-18 09:23:27,027 [INFO] Hardware transcoding succeeded.
2026-06-18 09:23:27,028 [INFO] Extracting preview frame from /home/rai/Downloads/videoplayback_h264.mp4 to /home/rai/Downloads/videoplayback_frame.png...
2026-06-18 09:23:27,768 [INFO] Preview frame extracted successfully.
2026-06-18 09:23:27,880 [INFO] GNOME static wallpaper updated to file:///home/rai/Downloads/videoplayback_frame.png for perfect blending.
2026-06-18 09:23:27,880 [INFO] Updating Hanabi video path to /home/rai/Downloads/videoplayback_h264.mp4...
2026-06-18 09:23:27,902 [INFO] Hanabi video-path updated successfully.
2026-06-18 09:30:42,387 [INFO] Starting live wallpaper watcher daemon...
2026-06-18 09:30:42,387 [INFO] Target wallpaper file found. Initializing...
2026-06-18 09:30:42,388 [INFO] Analyzing source video: /home/rai/Downloads/videoplayback.mp4
2026-06-18 09:30:42,450 [INFO] Video detected: Codec=av1, Size=3840x2160
2026-06-18 09:30:42,450 [INFO] Transcoding to high-quality H.264 via NVENC...
2026-06-18 09:30:56,180 [INFO] Hardware transcoding succeeded.
2026-06-18 09:30:56,180 [INFO] Copying /home/rai/Downloads/videoplayback_h264.mp4 to /home/rai/.local/share/gnome-wallpaper-engine/backgrounds/videoplayback_h264.mp4...
2026-06-18 09:30:56,289 [INFO] Extracting preview frame from /home/rai/.local/share/gnome-wallpaper-engine/backgrounds/videoplayback_h264.mp4 to /home/rai/Downloads/videoplayback_frame.png...
2026-06-18 09:30:57,097 [INFO] Preview frame extracted successfully.
2026-06-18 09:30:57,124 [INFO] GNOME static wallpaper updated to file:///home/rai/Downloads/videoplayback_frame.png for perfect blending.
2026-06-18 09:30:57,146 [INFO] Gnome Live Wallpaper updated successfully.
2026-06-18 09:33:58,892 [INFO] Starting live wallpaper watcher daemon...
2026-06-18 09:33:58,892 [INFO] Target wallpaper file found. Initializing...
2026-06-18 09:33:58,892 [INFO] Analyzing source video: /home/rai/Downloads/videoplayback.mp4
2026-06-18 09:33:58,947 [INFO] Video detected: Codec=av1, Size=3840x2160
2026-06-18 09:33:58,947 [INFO] Transcoding to high-quality H.264 via NVENC...
2026-06-18 09:34:12,484 [INFO] Hardware transcoding succeeded.
2026-06-18 09:34:12,484 [INFO] Extracting preview frame from /home/rai/Downloads/videoplayback_h264.mp4 to /home/rai/Downloads/videoplayback_frame.png...
2026-06-18 09:34:13,311 [INFO] Preview frame extracted successfully.
2026-06-18 09:34:13,329 [INFO] GNOME static wallpaper updated to file:///home/rai/Downloads/videoplayback_frame.png for perfect blending.
2026-06-18 09:34:13,329 [INFO] Updating Hanabi video path to /home/rai/Downloads/videoplayback_h264.mp4...
2026-06-18 09:34:13,342 [INFO] Hanabi video-path updated successfully.
2026-06-18 09:38:50,620 [INFO] Starting live wallpaper watcher daemon...
2026-06-18 09:38:50,622 [INFO] Target wallpaper file found. Initializing...
2026-06-18 09:38:50,622 [INFO] Analyzing source video: /home/rai/Downloads/videoplayback.mp4
2026-06-18 09:38:50,824 [INFO] Video detected: Codec=av1, Size=3840x2160
2026-06-18 09:38:50,824 [INFO] Transcoding to high-quality H.264 via NVENC...
2026-06-18 09:39:04,700 [INFO] Hardware transcoding succeeded.
2026-06-18 09:39:04,700 [INFO] Extracting preview frame from /home/rai/Downloads/videoplayback_h264.mp4 to /home/rai/Downloads/videoplayback_frame.png...
2026-06-18 09:39:05,515 [INFO] Preview frame extracted successfully.
2026-06-18 09:39:05,530 [INFO] GNOME static wallpaper updated to file:///home/rai/Downloads/videoplayback_frame.png for perfect blending.
2026-06-18 09:39:05,530 [INFO] Updating Hanabi video path to /home/rai/Downloads/videoplayback_h264.mp4...
2026-06-18 09:39:05,539 [INFO] Hanabi video-path updated successfully.
2026-06-18 19:40:17,597 [INFO] Starting live wallpaper watcher daemon...
2026-06-18 19:40:17,599 [INFO] Target wallpaper file found. Initializing...
2026-06-18 19:40:17,599 [INFO] Analyzing source video: /home/rai/Downloads/videoplayback.mp4
2026-06-18 19:40:17,697 [INFO] Video detected: Codec=av1, Size=3840x2160
2026-06-18 19:40:17,698 [INFO] Transcoding to high-quality H.264 via NVENC...
2026-06-18 19:40:31,486 [INFO] Hardware transcoding succeeded.
2026-06-18 19:40:31,486 [INFO] Extracting preview frame from /home/rai/Downloads/videoplayback_h264.mp4 to /home/rai/Downloads/videoplayback_frame.png...
2026-06-18 19:40:32,228 [INFO] Preview frame extracted successfully.
2026-06-18 19:40:32,242 [INFO] GNOME static wallpaper updated to file:///home/rai/Downloads/videoplayback_frame.png for perfect blending.
2026-06-18 19:40:32,242 [INFO] Updating Hanabi video path to /home/rai/Downloads/videoplayback_h264.mp4...
2026-06-18 19:40:32,246 [ERROR] Failed to update Hanabi video path: Command '['gsettings', '--schemadir', '/home/rai/.local/share/gnome-shell/extensions/hanabi-extension@jeffshee.github.io/schemas/', 'set', 'io.github.jeffshee.hanabi-extension', 'video-path', "'/home/rai/Downloads/videoplayback_h264.mp4'"]' returned non-zero exit status 1.
2026-06-18 22:16:16,867 [INFO] Starting live wallpaper watcher daemon...
2026-06-18 22:16:16,868 [INFO] Target wallpaper file found. Initializing...
2026-06-18 22:16:16,869 [INFO] Analyzing source video: /home/rai/Downloads/videoplayback.mp4
2026-06-18 22:16:17,105 [INFO] Video detected: Codec=av1, Size=3840x2160
2026-06-18 22:16:17,105 [INFO] Transcoding to high-quality H.264 via NVENC...
2026-06-18 22:16:31,237 [INFO] Hardware transcoding succeeded.
2026-06-18 22:16:31,237 [INFO] Extracting preview frame from /home/rai/Downloads/videoplayback_h264.mp4 to /home/rai/Downloads/videoplayback_frame.png...
2026-06-18 22:16:32,044 [INFO] Preview frame extracted successfully.
2026-06-18 22:16:32,058 [INFO] GNOME static wallpaper updated to file:///home/rai/Downloads/videoplayback_frame.png for perfect blending.
2026-06-18 22:16:32,058 [INFO] Updating Hanabi video path to /home/rai/Downloads/videoplayback_h264.mp4...
2026-06-18 22:16:32,062 [ERROR] Failed to update Hanabi video path: Command '['gsettings', '--schemadir', '/home/rai/.local/share/gnome-shell/extensions/hanabi-extension@jeffshee.github.io/schemas/', 'set', 'io.github.jeffshee.hanabi-extension', 'video-path', "'/home/rai/Downloads/videoplayback_h264.mp4'"]' returned non-zero exit status 1.
2026-06-18 22:28:35,323 [INFO] Starting live wallpaper watcher daemon...
2026-06-18 22:28:35,323 [INFO] Target wallpaper file found. Initializing...
2026-06-18 22:28:35,323 [INFO] Analyzing source video: /home/rai/Downloads/videoplayback.mp4
2026-06-18 22:28:35,494 [INFO] Video detected: Codec=av1, Size=3840x2160
2026-06-18 22:28:35,495 [INFO] Transcoding to high-quality H.264 via NVENC...
2026-06-18 22:28:49,393 [INFO] Hardware transcoding succeeded.
2026-06-18 22:28:49,393 [INFO] Extracting preview frame from /home/rai/Downloads/videoplayback_h264.mp4 to /home/rai/Downloads/videoplayback_frame.png...
2026-06-18 22:28:50,149 [INFO] Preview frame extracted successfully.
2026-06-18 22:28:50,163 [INFO] GNOME static wallpaper updated to file:///home/rai/Downloads/videoplayback_frame.png for perfect blending.
2026-06-18 22:28:50,163 [INFO] Updating Hanabi video path to /home/rai/Downloads/videoplayback_h264.mp4...
2026-06-18 22:28:50,167 [ERROR] Failed to update Hanabi video path: Command '['gsettings', '--schemadir', '/home/rai/.local/share/gnome-shell/extensions/hanabi-extension@jeffshee.github.io/schemas/', 'set', 'io.github.jeffshee.hanabi-extension', 'video-path', "'/home/rai/Downloads/videoplayback_h264.mp4'"]' returned non-zero exit status 1.
2026-06-18 22:36:11,120 [INFO] Starting live wallpaper watcher daemon...
2026-06-18 22:36:11,120 [INFO] Target wallpaper file found. Initializing...
2026-06-18 22:36:11,120 [INFO] Analyzing source video: /home/rai/Downloads/videoplayback.mp4
2026-06-18 22:36:11,193 [INFO] Video detected: Codec=av1, Size=3840x2160
2026-06-18 22:36:11,193 [INFO] Transcoding to high-quality H.264 via NVENC...
2026-06-18 22:36:25,371 [INFO] Hardware transcoding succeeded.
2026-06-18 22:36:25,371 [INFO] Extracting preview frame from /home/rai/Downloads/videoplayback_h264.mp4 to /home/rai/Downloads/videoplayback_frame.png...
2026-06-18 22:36:26,487 [INFO] Preview frame extracted successfully.
2026-06-18 22:36:26,509 [INFO] GNOME static wallpaper updated to file:///home/rai/Downloads/videoplayback_frame.png for perfect blending.
2026-06-18 22:36:26,509 [INFO] Updating Hanabi video path to /home/rai/Downloads/videoplayback_h264.mp4...
2026-06-18 22:36:26,518 [INFO] Hanabi video-path updated successfully.
2026-06-18 22:36:48,752 [INFO] Starting live wallpaper watcher daemon...
2026-06-18 22:36:48,752 [INFO] Target wallpaper file found. Initializing...
2026-06-18 22:36:48,753 [INFO] Analyzing source video: /home/rai/Downloads/videoplayback.mp4
2026-06-18 22:36:48,826 [INFO] Video detected: Codec=av1, Size=3840x2160
2026-06-18 22:36:48,826 [INFO] Transcoding to high-quality H.264 via NVENC...
2026-06-18 22:37:02,891 [INFO] Hardware transcoding succeeded.
2026-06-18 22:37:02,891 [INFO] Extracting preview frame from /home/rai/Downloads/videoplayback_h264.mp4 to /home/rai/Downloads/videoplayback_frame.png...
2026-06-18 22:37:03,960 [INFO] Preview frame extracted successfully.
2026-06-18 22:37:03,978 [INFO] GNOME static wallpaper updated to file:///home/rai/Downloads/videoplayback_frame.png for perfect blending.
2026-06-18 22:37:03,979 [INFO] Updating Hanabi video path to /home/rai/Downloads/videoplayback_h264.mp4...
2026-06-18 22:37:03,987 [INFO] Hanabi video-path updated successfully.
2026-06-18 23:00:51,152 [INFO] Starting live wallpaper watcher daemon...
2026-06-18 23:00:51,154 [INFO] Target wallpaper file found. Initializing...
2026-06-18 23:00:51,154 [INFO] Analyzing source video: /home/rai/Downloads/videoplayback.mp4
2026-06-18 23:00:51,341 [INFO] Video detected: Codec=av1, Size=3840x2160
2026-06-18 23:00:51,342 [INFO] Transcoding to high-quality H.264 via NVENC...
2026-06-18 23:01:05,737 [INFO] Hardware transcoding succeeded.
2026-06-18 23:01:05,737 [INFO] Extracting preview frame from /home/rai/Downloads/videoplayback_h264.mp4 to /home/rai/Downloads/videoplayback_frame.png...
2026-06-18 23:01:06,637 [INFO] Preview frame extracted successfully.
2026-06-18 23:01:06,660 [INFO] GNOME static wallpaper updated to file:///home/rai/Downloads/videoplayback_frame.png for perfect blending.
2026-06-18 23:01:06,660 [INFO] Updating Hanabi video path to /home/rai/Downloads/videoplayback_h264.mp4...
2026-06-18 23:01:06,671 [INFO] Hanabi video-path updated successfully.
2026-06-18 23:09:56,953 [INFO] Starting live wallpaper watcher daemon...
2026-06-18 23:09:56,954 [INFO] Target wallpaper file found. Initializing...
2026-06-18 23:09:56,956 [INFO] Analyzing source video: /home/rai/Downloads/videoplayback.mp4
2026-06-18 23:09:57,169 [INFO] Video detected: Codec=av1, Size=3840x2160
2026-06-18 23:09:57,169 [INFO] Transcoding to high-quality H.264 via NVENC...
2026-06-18 23:10:11,344 [INFO] Hardware transcoding succeeded.
2026-06-18 23:10:11,344 [INFO] Extracting preview frame from /home/rai/Downloads/videoplayback_h264.mp4 to /home/rai/Downloads/videoplayback_frame.png...
2026-06-18 23:10:12,089 [INFO] Preview frame extracted successfully.
2026-06-18 23:10:12,102 [INFO] GNOME static wallpaper updated to file:///home/rai/Downloads/videoplayback_frame.png for perfect blending.
2026-06-18 23:10:12,102 [INFO] Updating Hanabi video path to /home/rai/Downloads/videoplayback_h264.mp4...
2026-06-18 23:10:12,109 [INFO] Hanabi video-path updated successfully.
2026-06-19 18:28:15,793 [INFO] Starting live wallpaper watcher daemon...
2026-06-19 18:28:15,796 [INFO] Target wallpaper file found. Initializing...
2026-06-19 18:28:15,796 [INFO] Analyzing source video: /home/rai/Downloads/videoplayback.mp4
2026-06-19 18:28:15,939 [INFO] Video detected: Codec=av1, Size=3840x2160
2026-06-19 18:28:15,939 [INFO] Transcoding to high-quality H.264 via NVENC...
2026-06-19 18:28:30,723 [INFO] Hardware transcoding succeeded.
2026-06-19 18:28:30,723 [INFO] Extracting preview frame from /home/rai/Downloads/videoplayback_h264.mp4 to /home/rai/Downloads/videoplayback_frame.png...
2026-06-19 18:28:31,616 [INFO] Preview frame extracted successfully.
2026-06-19 18:28:31,638 [INFO] GNOME static wallpaper updated to file:///home/rai/Downloads/videoplayback_frame.png for perfect blending.
2026-06-19 18:28:31,638 [INFO] Updating Hanabi video path to /home/rai/Downloads/videoplayback_h264.mp4...
2026-06-19 18:28:31,642 [ERROR] Failed to update Hanabi video path: Command '['gsettings', '--schemadir', '/home/rai/.local/share/glib-2.0/schemas/', 'set', 'io.github.jeffshee.hanabi-extension', 'video-path', "'/home/rai/Downloads/videoplayback_h264.mp4'"]' returned non-zero exit status 1.
2026-06-19 19:13:13,947 [INFO] Starting live wallpaper watcher daemon...
2026-06-19 19:13:13,948 [INFO] Target wallpaper file found. Initializing...
2026-06-19 19:13:13,948 [INFO] Analyzing source video: /home/rai/Downloads/videoplayback.mp4
2026-06-19 19:13:14,013 [INFO] Video detected: Codec=av1, Size=3840x2160
2026-06-19 19:13:14,013 [INFO] Transcoding to high-quality H.264 via NVENC...
2026-06-19 19:13:27,765 [INFO] Hardware transcoding succeeded.
2026-06-19 19:13:27,766 [INFO] Extracting preview frame from /home/rai/Downloads/videoplayback_h264.mp4 to /home/rai/Downloads/videoplayback_frame.png...
2026-06-19 19:13:28,978 [INFO] Preview frame extracted successfully.
2026-06-19 19:13:28,997 [INFO] GNOME static wallpaper updated to file:///home/rai/Downloads/videoplayback_frame.png for perfect blending.
2026-06-19 19:13:28,997 [INFO] Updating Hanabi video path to /home/rai/Downloads/videoplayback_h264.mp4...
2026-06-19 19:13:29,007 [INFO] Hanabi video-path updated successfully.
2026-06-19 19:16:17,788 [INFO] Starting live wallpaper watcher daemon...
2026-06-19 19:16:17,792 [INFO] Target wallpaper file found. Initializing...
2026-06-19 19:16:17,792 [INFO] Analyzing source video: /home/rai/Downloads/videoplayback.mp4
2026-06-19 19:16:17,965 [INFO] Video detected: Codec=av1, Size=3840x2160
2026-06-19 19:16:17,965 [INFO] Transcoding to high-quality H.264 via NVENC...
2026-06-19 19:16:32,692 [INFO] Starting live wallpaper watcher daemon...
2026-06-19 19:16:32,692 [INFO] Target wallpaper file found. Initializing...
2026-06-19 19:16:32,692 [INFO] Analyzing source video: /home/rai/Downloads/videoplayback.mp4
2026-06-19 19:16:32,783 [INFO] Video detected: Codec=av1, Size=3840x2160
2026-06-19 19:16:32,783 [INFO] Transcoding to high-quality H.264 via NVENC...
2026-06-19 19:16:33,261 [INFO] Hardware transcoding succeeded.
2026-06-19 19:16:33,261 [INFO] Extracting preview frame from /home/rai/Downloads/videoplayback_h264.mp4 to /home/rai/Downloads/videoplayback_frame.png...
2026-06-19 19:16:33,327 [ERROR] Failed to update static wallpaper: Command '['ffmpeg', '-y', '-i', '/home/rai/Downloads/videoplayback_h264.mp4', '-vframes', '1', '/home/rai/Downloads/videoplayback_frame.png']' returned non-zero exit status 183.
2026-06-19 19:16:33,327 [INFO] Updating Hanabi video path to /home/rai/Downloads/videoplayback_h264.mp4...
2026-06-19 19:16:33,337 [INFO] Hanabi video-path updated successfully.
2026-06-19 19:16:46,923 [INFO] Hardware transcoding succeeded.
2026-06-19 19:16:46,923 [INFO] Extracting preview frame from /home/rai/Downloads/videoplayback_h264.mp4 to /home/rai/Downloads/videoplayback_frame.png...
2026-06-19 19:16:48,349 [INFO] Preview frame extracted successfully.
2026-06-19 19:16:48,369 [INFO] GNOME static wallpaper updated to file:///home/rai/Downloads/videoplayback_frame.png for perfect blending.
2026-06-19 19:16:48,369 [INFO] Updating Hanabi video path to /home/rai/Downloads/videoplayback_h264.mp4...
2026-06-19 19:16:48,376 [INFO] Hanabi video-path updated successfully.
2026-06-20 02:23:57,060 [INFO] Starting live wallpaper watcher daemon...
2026-06-20 02:23:57,063 [INFO] Target wallpaper file found. Initializing...
2026-06-20 02:23:57,063 [INFO] Analyzing source video: /home/rai/Downloads/videoplayback.mp4
2026-06-20 02:23:57,145 [INFO] Video detected: Codec=av1, Size=3840x2160
2026-06-20 02:23:57,145 [INFO] Transcoding to high-quality H.264 via NVENC...
2026-06-20 02:24:11,004 [INFO] Hardware transcoding succeeded.
2026-06-20 02:24:11,004 [INFO] Extracting preview frame from /home/rai/Downloads/videoplayback_h264.mp4 to /home/rai/Downloads/videoplayback_frame.png...
2026-06-20 02:24:11,598 [INFO] Preview frame extracted successfully.
2026-06-20 02:24:11,610 [INFO] GNOME static wallpaper updated to file:///home/rai/Downloads/videoplayback_frame.png for perfect blending.
2026-06-20 02:24:11,610 [INFO] Updating Hanabi video path to /home/rai/Downloads/videoplayback_h264.mp4...
2026-06-20 02:24:11,615 [INFO] Hanabi video-path updated successfully.
2026-06-20 02:24:11,994 [INFO] Starting live wallpaper watcher daemon...
2026-06-20 02:24:11,994 [INFO] Target wallpaper file found. Initializing...
2026-06-20 02:24:11,994 [INFO] Analyzing source video: /home/rai/Downloads/videoplayback.mp4
2026-06-20 02:24:12,031 [INFO] Video detected: Codec=av1, Size=3840x2160
2026-06-20 02:24:12,031 [INFO] Transcoding to high-quality H.264 via NVENC...
2026-06-20 02:24:25,220 [INFO] Hardware transcoding succeeded.
2026-06-20 02:24:25,220 [INFO] Extracting preview frame from /home/rai/Downloads/videoplayback_h264.mp4 to /home/rai/Downloads/videoplayback_frame.png...
2026-06-20 02:24:25,839 [INFO] Preview frame extracted successfully.
2026-06-20 02:24:25,848 [INFO] GNOME static wallpaper updated to file:///home/rai/Downloads/videoplayback_frame.png for perfect blending.
2026-06-20 02:24:25,849 [INFO] Updating Hanabi video path to /home/rai/Downloads/videoplayback_h264.mp4...
2026-06-20 02:24:25,853 [INFO] Hanabi video-path updated successfully.
2026-06-20 19:07:42,716 [INFO] Starting live wallpaper watcher daemon...
2026-06-20 19:07:42,718 [INFO] Target wallpaper file found. Initializing...
2026-06-20 19:07:42,718 [INFO] Analyzing source video: /home/rai/Downloads/videoplayback.mp4
2026-06-20 19:07:42,893 [INFO] Video detected: Codec=av1, Size=3840x2160
2026-06-20 19:07:42,893 [INFO] Transcoding to high-quality H.264 via NVENC...
2026-06-20 19:07:56,960 [INFO] Hardware transcoding succeeded.
2026-06-20 19:07:56,960 [INFO] Extracting preview frame from /home/rai/Downloads/videoplayback_h264.mp4 to /home/rai/Downloads/videoplayback_frame.png...
2026-06-20 19:07:57,523 [INFO] Preview frame extracted successfully.
2026-06-20 19:07:57,533 [INFO] GNOME static wallpaper updated to file:///home/rai/Downloads/videoplayback_frame.png for perfect blending.
2026-06-20 19:07:57,533 [INFO] Updating Hanabi video path to /home/rai/Downloads/videoplayback_h264.mp4...
2026-06-20 19:07:57,538 [INFO] Hanabi video-path updated successfully.
2026-06-20 19:07:57,669 [INFO] Starting live wallpaper watcher daemon...
2026-06-20 19:07:57,669 [INFO] Target wallpaper file found. Initializing...
2026-06-20 19:07:57,669 [INFO] Analyzing source video: /home/rai/Downloads/videoplayback.mp4
2026-06-20 19:07:57,707 [INFO] Video detected: Codec=av1, Size=3840x2160
2026-06-20 19:07:57,707 [INFO] Transcoding to high-quality H.264 via NVENC...
2026-06-20 19:08:10,963 [INFO] Hardware transcoding succeeded.
2026-06-20 19:08:10,963 [INFO] Extracting preview frame from /home/rai/Downloads/videoplayback_h264.mp4 to /home/rai/Downloads/videoplayback_frame.png...
2026-06-20 19:08:11,509 [INFO] Preview frame extracted successfully.
2026-06-20 19:08:11,519 [INFO] GNOME static wallpaper updated to file:///home/rai/Downloads/videoplayback_frame.png for perfect blending.
2026-06-20 19:08:11,519 [INFO] Updating Hanabi video path to /home/rai/Downloads/videoplayback_h264.mp4...
2026-06-20 19:08:11,524 [INFO] Hanabi video-path updated successfully.
2026-06-20 20:19:36,072 [INFO] Starting live wallpaper watcher daemon...
2026-06-20 20:19:36,076 [INFO] Target wallpaper file found. Initializing...
2026-06-20 20:19:36,077 [INFO] Analyzing source video: /home/rai/Downloads/videoplayback.mp4
2026-06-20 20:19:36,212 [INFO] Video detected: Codec=av1, Size=3840x2160
2026-06-20 20:19:36,213 [INFO] Transcoding to high-quality H.264 via NVENC...
2026-06-20 20:19:50,359 [INFO] Hardware transcoding succeeded.
2026-06-20 20:19:50,359 [INFO] Extracting preview frame from /home/rai/Downloads/videoplayback_h264.mp4 to /home/rai/Downloads/videoplayback_frame.png...
2026-06-20 20:19:51,007 [INFO] Starting live wallpaper watcher daemon...
2026-06-20 20:19:51,007 [INFO] Target wallpaper file found. Initializing...
2026-06-20 20:19:51,007 [INFO] Analyzing source video: /home/rai/Downloads/videoplayback.mp4
2026-06-20 20:19:51,047 [INFO] Video detected: Codec=av1, Size=3840x2160
2026-06-20 20:19:51,047 [INFO] Transcoding to high-quality H.264 via NVENC...
2026-06-20 20:19:51,066 [INFO] Preview frame extracted successfully.
2026-06-20 20:19:51,077 [INFO] GNOME static wallpaper updated to file:///home/rai/Downloads/videoplayback_frame.png for perfect blending.
2026-06-20 20:19:51,077 [INFO] Updating Hanabi video path to /home/rai/Downloads/videoplayback_h264.mp4...
2026-06-20 20:19:51,083 [INFO] Hanabi video-path updated successfully.
2026-06-20 20:20:04,388 [INFO] Hardware transcoding succeeded.
2026-06-20 20:20:04,388 [INFO] Extracting preview frame from /home/rai/Downloads/videoplayback_h264.mp4 to /home/rai/Downloads/videoplayback_frame.png...
2026-06-20 20:20:05,016 [INFO] Preview frame extracted successfully.
2026-06-20 20:20:05,025 [INFO] GNOME static wallpaper updated to file:///home/rai/Downloads/videoplayback_frame.png for perfect blending.
2026-06-20 20:20:05,025 [INFO] Updating Hanabi video path to /home/rai/Downloads/videoplayback_h264.mp4...
2026-06-20 20:20:05,031 [INFO] Hanabi video-path updated successfully.
2026-06-20 21:51:18,751 [INFO] Starting live wallpaper watcher daemon...
2026-06-20 21:51:18,758 [INFO] Target wallpaper file found. Initializing...
2026-06-20 21:51:18,758 [INFO] Analyzing source video: /home/rai/Downloads/videoplayback.mp4
2026-06-20 21:51:18,852 [INFO] Video detected: Codec=av1, Size=3840x2160
2026-06-20 21:51:18,852 [INFO] Transcoding to high-quality H.264 via NVENC...
2026-06-20 21:51:32,902 [INFO] Hardware transcoding succeeded.
2026-06-20 21:51:32,902 [INFO] Extracting preview frame from /home/rai/Downloads/videoplayback_h264.mp4 to /home/rai/Downloads/videoplayback_frame.png...
2026-06-20 21:51:33,633 [INFO] Preview frame extracted successfully.
2026-06-20 21:51:33,643 [INFO] GNOME static wallpaper updated to file:///home/rai/Downloads/videoplayback_frame.png for perfect blending.
2026-06-20 21:51:33,643 [INFO] Updating Hanabi video path to /home/rai/Downloads/videoplayback_h264.mp4...
2026-06-20 21:51:33,652 [INFO] Hanabi video-path updated successfully.
2026-06-20 21:51:33,723 [INFO] Starting live wallpaper watcher daemon...
2026-06-20 21:51:33,723 [INFO] Target wallpaper file found. Initializing...
2026-06-20 21:51:33,723 [INFO] Analyzing source video: /home/rai/Downloads/videoplayback.mp4
2026-06-20 21:51:33,767 [INFO] Video detected: Codec=av1, Size=3840x2160
2026-06-20 21:51:33,768 [INFO] Transcoding to high-quality H.264 via NVENC...
2026-06-20 21:51:47,142 [INFO] Hardware transcoding succeeded.
2026-06-20 21:51:47,143 [INFO] Extracting preview frame from /home/rai/Downloads/videoplayback_h264.mp4 to /home/rai/Downloads/videoplayback_frame.png...
2026-06-20 21:51:47,699 [INFO] Preview frame extracted successfully.
2026-06-20 21:51:47,709 [INFO] GNOME static wallpaper updated to file:///home/rai/Downloads/videoplayback_frame.png for perfect blending.
2026-06-20 21:51:47,709 [INFO] Updating Hanabi video path to /home/rai/Downloads/videoplayback_h264.mp4...
2026-06-20 21:51:47,714 [INFO] Hanabi video-path updated successfully.
2026-06-21 10:15:15,665 [INFO] Starting live wallpaper watcher daemon...
2026-06-21 10:15:15,668 [INFO] Target wallpaper file found. Initializing...
2026-06-21 10:15:15,669 [INFO] Analyzing source video: /home/rai/Downloads/videoplayback.mp4
2026-06-21 10:15:15,808 [INFO] Video detected: Codec=av1, Size=3840x2160
2026-06-21 10:15:15,809 [INFO] Transcoding to high-quality H.264 via NVENC...
2026-06-21 10:15:30,528 [INFO] Hardware transcoding succeeded.
2026-06-21 10:15:30,530 [INFO] Extracting preview frame from /home/rai/Downloads/videoplayback_h264.mp4 to /home/rai/Downloads/videoplayback_frame.png...
2026-06-21 10:15:31,632 [INFO] Preview frame extracted successfully.
2026-06-21 10:15:31,674 [INFO] GNOME static wallpaper updated to file:///home/rai/Downloads/videoplayback_frame.png for perfect blending.
2026-06-21 10:15:31,674 [INFO] Updating Hanabi video path to /home/rai/Downloads/videoplayback_h264.mp4...
2026-06-21 10:15:31,682 [INFO] Hanabi video-path updated successfully.
2026-06-21 10:43:02,784 [INFO] Starting live wallpaper watcher daemon...
2026-06-21 10:43:02,804 [INFO] Target wallpaper file found. Initializing...
2026-06-21 10:43:02,804 [INFO] Analyzing source video: /home/rai/Downloads/videoplayback.mp4
2026-06-21 10:43:03,109 [INFO] Video detected: Codec=av1, Size=3840x2160
2026-06-21 10:43:03,109 [INFO] Transcoding to high-quality H.264 via NVENC...
2026-06-21 10:43:18,225 [INFO] Hardware transcoding succeeded.
2026-06-21 10:43:18,225 [INFO] Extracting preview frame from /home/rai/Downloads/videoplayback_h264.mp4 to /home/rai/Downloads/videoplayback_frame.png...
2026-06-21 10:43:19,183 [INFO] Preview frame extracted successfully.
2026-06-21 10:43:19,196 [INFO] GNOME static wallpaper updated to file:///home/rai/Downloads/videoplayback_frame.png for perfect blending.
2026-06-21 10:43:19,196 [INFO] Updating Hanabi video path to /home/rai/Downloads/videoplayback_h264.mp4...
2026-06-21 10:43:19,202 [INFO] Hanabi video-path updated successfully.
2026-06-21 10:46:32,089 [INFO] Starting live wallpaper watcher daemon...
2026-06-21 10:46:32,092 [INFO] Target wallpaper file found. Initializing...
2026-06-21 10:46:32,092 [INFO] Analyzing source video: /home/rai/Downloads/videoplayback.mp4
2026-06-21 10:46:32,269 [INFO] Video detected: Codec=av1, Size=3840x2160
2026-06-21 10:46:32,269 [INFO] Transcoding to high-quality H.264 via NVENC...
2026-06-21 10:46:46,748 [INFO] Hardware transcoding succeeded.
2026-06-21 10:46:46,748 [INFO] Extracting preview frame from /home/rai/Downloads/videoplayback_h264.mp4 to /home/rai/Downloads/videoplayback_frame.png...
2026-06-21 10:46:48,254 [INFO] Preview frame extracted successfully.
2026-06-21 10:46:48,305 [INFO] GNOME static wallpaper updated to file:///home/rai/Downloads/videoplayback_frame.png for perfect blending.
2026-06-21 10:46:48,305 [INFO] Updating Hanabi video path to /home/rai/Downloads/videoplayback_h264.mp4...
2026-06-21 10:46:48,311 [INFO] Hanabi video-path updated successfully.
2026-06-22 01:40:43,162 [INFO] Starting live wallpaper watcher daemon...
2026-06-22 01:40:43,166 [INFO] Target wallpaper file found. Initializing...
2026-06-22 01:40:43,167 [INFO] Analyzing source video: /home/rai/Downloads/videoplayback.mp4
2026-06-22 01:40:43,325 [INFO] Video detected: Codec=av1, Size=3840x2160
2026-06-22 01:40:43,326 [INFO] Transcoding to high-quality H.264 via NVENC...
2026-06-22 01:41:01,564 [INFO] Hardware transcoding succeeded.
2026-06-22 01:41:01,564 [INFO] Extracting preview frame from /home/rai/Downloads/videoplayback_h264.mp4 to /home/rai/Downloads/videoplayback_frame.png...
2026-06-22 01:41:02,686 [INFO] Preview frame extracted successfully.
2026-06-22 01:41:02,703 [INFO] GNOME static wallpaper updated to file:///home/rai/Downloads/videoplayback_frame.png for perfect blending.
2026-06-22 01:41:02,703 [INFO] Updating Hanabi video path to /home/rai/Downloads/videoplayback_h264.mp4...
2026-06-22 01:41:02,710 [INFO] Hanabi video-path updated successfully.
2026-06-22 01:59:03,090 [INFO] Starting live wallpaper watcher daemon...
2026-06-22 01:59:03,093 [INFO] Target wallpaper file found. Initializing...
2026-06-22 01:59:03,093 [INFO] Analyzing source video: /home/rai/Downloads/videoplayback.mp4
2026-06-22 01:59:03,274 [INFO] Video detected: Codec=av1, Size=3840x2160
2026-06-22 01:59:03,275 [INFO] Transcoding to high-quality H.264 via NVENC...
2026-06-22 01:59:17,302 [INFO] Hardware transcoding succeeded.
2026-06-22 01:59:17,357 [INFO] Extracting preview frame from /home/rai/Downloads/videoplayback_h264.mp4 to /home/rai/Downloads/videoplayback_frame.png...
2026-06-22 01:59:18,812 [INFO] Preview frame extracted successfully.
2026-06-22 01:59:18,859 [INFO] GNOME static wallpaper updated to file:///home/rai/Downloads/videoplayback_frame.png for perfect blending.
2026-06-22 01:59:18,859 [INFO] Updating Hanabi video path to /home/rai/Downloads/videoplayback_h264.mp4...
2026-06-22 01:59:18,865 [INFO] Hanabi video-path updated successfully.
